Arguments: 
  /usr/local/bin/node /usr/local/bin/yarn

PATH: 
  /Library/Frameworks/Python.framework/Versions/3.6/bin:/usr/local/bin:/usr/bin:/bin:/usr/sbin:/sbin:/opt/X11/bin:/usr/texbin

Yarn version: 
  0.17.10

Node version: 
  6.5.0

Platform: 
  darwin x64

npm manifest: 
  {
    "name": "machine-learning",
    "version": "0.1.4",
    "description": "TypeScript machine learning library",
    "main": "dist/lib/index.js",
    "typings": "dist/lib/index",
    "scripts": {
      "test": "echo \"Error: no test specified\" && exit 1"
    },
    "repository": {
      "type": "git",
      "url": "git+https://github.com/erikgerrits/machine-learning.git"
    },
    "keywords": [
      "machine learning",
      "artificial intelligence",
      "matrix",
      "neural network",
      "linear regression",
      "logistic regression"
    ],
    "author": "Erik Gerrits <gerrits.erik@gmail.com>",
    "license": "MIT",
    "bugs": {
      "url": "https://github.com/erikgerrits/machine-learning/issues"
    },
    "homepage": "https://github.com/erikgerrits/machine-learning#readme",
    "dependencies": {
      "@types/chance": "^0.7.31",
      "@types/nblas": "^1.2.0",
      "@types/node": "^7.0.5",
      "chance": "^1.0.4",
      "nblas": "^1.2.2"
    },
    "devDependencies": {
      "typescript": "^2.1.6"
    }
  }

yarn manifest: 
  No manifest

Lockfile: 
  # THIS IS AN AUTOGENERATED FILE. DO NOT EDIT THIS FILE DIRECTLY.
  # yarn lockfile v1